2025-03-01 23:02:05,046 - INFO - *** Source and Target table Validation initiated ***
2025-03-01 23:02:05,047 - INFO - *** Source Database MySQL Connection initiated ***
2025-03-01 23:02:05,047 - INFO - *** Target Database Oracle Connection initiated ***
2025-03-01 23:02:05,183 - DEBUG - # _do_auth(): self._auth_plugin: 
2025-03-01 23:02:05,183 - INFO - package: mysql.connector.plugins
2025-03-01 23:02:05,183 - INFO - plugin_name: caching_sha2_password
2025-03-01 23:02:05,184 - INFO - AUTHENTICATION_PLUGIN_CLASS: MySQLCachingSHA2PasswordAuthPlugin
2025-03-01 23:02:05,185 - DEBUG - new_auth_plugin: caching_sha2_password
2025-03-01 23:02:05,300 - INFO - *** Initiated processing of file:tc_Cost_dim.json ***
2025-03-01 23:02:05,301 - INFO - *** Source table:cost Target table cost_dim validation initiated ***
2025-03-01 23:02:05,304 - ERROR - in file - tc_Cost_dim.json: ORA-00942: table or view does not exist
2025-03-01 23:02:05,345 - DEBUG - # _do_auth(): self._auth_plugin: 
2025-03-01 23:02:05,345 - DEBUG - new_auth_plugin: caching_sha2_password
2025-03-01 23:02:05,384 - INFO - *** Initiated processing of file:tc_Inventory_dim.json ***
2025-03-01 23:02:05,384 - INFO - *** Source table:inventory Target table inventory_dim validation initiated ***
2025-03-01 23:02:05,389 - ERROR - in file - tc_Inventory_dim.json: ORA-00942: table or view does not exist
2025-03-01 23:02:05,431 - DEBUG - # _do_auth(): self._auth_plugin: 
2025-03-01 23:02:05,431 - DEBUG - new_auth_plugin: caching_sha2_password
2025-03-01 23:02:05,502 - INFO - *** Initiated processing of file:tc_Product_dim.json ***
2025-03-01 23:02:05,502 - INFO - *** Source table:product Target table product_dim validation initiated ***
2025-03-01 23:02:05,506 - ERROR - in file - tc_Product_dim.json: ORA-00942: table or view does not exist
2025-03-01 23:02:05,544 - DEBUG - # _do_auth(): self._auth_plugin: 
2025-03-01 23:02:05,544 - DEBUG - new_auth_plugin: caching_sha2_password
2025-03-01 23:02:05,627 - INFO - *** Initiated processing of file:tc_Sales_fact.json ***
2025-03-01 23:02:05,627 - INFO - *** Source table:product Target table sales_fact validation initiated ***
2025-03-01 23:02:05,630 - ERROR - in file - tc_Sales_fact.json: ORA-00942: table or view does not exist
2025-03-01 23:02:05,632 - INFO - *** Null checks initiated in Target Table ***
2025-03-01 23:02:05,681 - INFO - *** Target Table:cost_dim validations initiated ***
2025-03-01 23:02:05,681 - ERROR - in file - tc_Cost_dim.json: 'tc_03_Verifying Null Values in Target Table'
2025-03-01 23:02:05,729 - INFO - *** Target Table:inventory_dim validations initiated ***
2025-03-01 23:02:05,782 - INFO - *** Target Table:product_dim validations initiated ***
2025-03-01 23:02:05,851 - INFO - *** Target Table:sales_fact validations initiated ***
2025-03-01 23:02:05,905 - INFO - Duplicate records found in table cost_dim: P101
