2025-03-01 23:00:42,902 - INFO - *** Source and Target table Validation initiated ***
2025-03-01 23:00:42,902 - INFO - *** Source Database MySQL Connection initiated ***
2025-03-01 23:00:42,902 - INFO - *** Target Database Oracle Connection initiated ***
2025-03-01 23:00:43,147 - DEBUG - # _do_auth(): self._auth_plugin: 
2025-03-01 23:00:43,148 - INFO - package: mysql.connector.plugins
2025-03-01 23:00:43,148 - INFO - plugin_name: caching_sha2_password
2025-03-01 23:00:43,149 - INFO - AUTHENTICATION_PLUGIN_CLASS: MySQLCachingSHA2PasswordAuthPlugin
2025-03-01 23:00:43,149 - DEBUG - new_auth_plugin: caching_sha2_password
2025-03-01 23:00:43,270 - INFO - *** Initiated processing of file:tc_Cost_dim.json ***
2025-03-01 23:00:43,271 - INFO - *** Source table:cost Target table cost_dim validation initiated ***
2025-03-01 23:00:43,274 - ERROR - in file - tc_Cost_dim.json: ORA-00942: table or view does not exist
2025-03-01 23:00:43,315 - DEBUG - # _do_auth(): self._auth_plugin: 
2025-03-01 23:00:43,315 - DEBUG - new_auth_plugin: caching_sha2_password
2025-03-01 23:00:43,387 - INFO - *** Initiated processing of file:tc_Inventory_dim.json ***
2025-03-01 23:00:43,387 - INFO - *** Source table:inventory Target table inventory_dim validation initiated ***
2025-03-01 23:00:43,392 - ERROR - in file - tc_Inventory_dim.json: ORA-00942: table or view does not exist
2025-03-01 23:00:43,436 - DEBUG - # _do_auth(): self._auth_plugin: 
2025-03-01 23:00:43,436 - DEBUG - new_auth_plugin: caching_sha2_password
2025-03-01 23:00:43,491 - INFO - *** Initiated processing of file:tc_Product_dim.json ***
2025-03-01 23:00:43,491 - INFO - *** Source table:product Target table product_dim validation initiated ***
2025-03-01 23:00:43,498 - ERROR - in file - tc_Product_dim.json: ORA-00942: table or view does not exist
2025-03-01 23:00:43,544 - DEBUG - # _do_auth(): self._auth_plugin: 
2025-03-01 23:00:43,545 - DEBUG - new_auth_plugin: caching_sha2_password
2025-03-01 23:00:43,612 - INFO - *** Initiated processing of file:tc_Sales_fact.json ***
2025-03-01 23:00:43,613 - INFO - *** Source table:product Target table sales_fact validation initiated ***
2025-03-01 23:00:43,615 - ERROR - in file - tc_Sales_fact.json: ORA-00942: table or view does not exist
2025-03-01 23:00:43,617 - INFO - *** Null checks initiated in Target Table ***
2025-03-01 23:00:43,658 - INFO - *** Target Table:cost_dim validations initiated ***
2025-03-01 23:00:43,658 - ERROR - in file - tc_Cost_dim.json: 'tc_03_Verifying Null Values in Target Table'
2025-03-01 23:00:43,700 - INFO - *** Target Table:inventory_dim validations initiated ***
2025-03-01 23:00:43,783 - INFO - *** Target Table:product_dim validations initiated ***
2025-03-01 23:00:43,828 - INFO - *** Target Table:sales_fact validations initiated ***
2025-03-01 23:00:43,896 - INFO - Duplicate records found in table cost_dim: P101
