2025-03-01 22:50:24,319 - INFO - *** Source and Target table Validation initiated ***
2025-03-01 22:50:24,319 - INFO - *** Source Database MySQL Connection initiated ***
2025-03-01 22:50:24,319 - INFO - *** Target Database Oracle Connection initiated ***
2025-03-01 22:50:24,405 - DEBUG - # _do_auth(): self._auth_plugin: 
2025-03-01 22:50:24,405 - INFO - package: mysql.connector.plugins
2025-03-01 22:50:24,405 - INFO - plugin_name: caching_sha2_password
2025-03-01 22:50:24,406 - INFO - AUTHENTICATION_PLUGIN_CLASS: MySQLCachingSHA2PasswordAuthPlugin
2025-03-01 22:50:24,407 - DEBUG - new_auth_plugin: caching_sha2_password
2025-03-01 22:50:24,546 - INFO - *** Initiated processing of file:tc_Cost_dim.json ***
2025-03-01 22:50:24,546 - INFO - *** Source table:cost Target table cost_dim validation initiated ***
2025-03-01 22:50:24,550 - ERROR - in file - tc_Cost_dim.json: ORA-00942: table or view does not exist
2025-03-01 22:50:24,590 - DEBUG - # _do_auth(): self._auth_plugin: 
2025-03-01 22:50:24,590 - DEBUG - new_auth_plugin: caching_sha2_password
2025-03-01 22:50:24,657 - INFO - *** Initiated processing of file:tc_Inventory_dim.json ***
2025-03-01 22:50:24,657 - INFO - *** Source table:inventory Target table inventory_dim validation initiated ***
2025-03-01 22:50:24,661 - ERROR - in file - tc_Inventory_dim.json: ORA-00942: table or view does not exist
2025-03-01 22:50:24,700 - DEBUG - # _do_auth(): self._auth_plugin: 
2025-03-01 22:50:24,701 - DEBUG - new_auth_plugin: caching_sha2_password
2025-03-01 22:50:24,741 - INFO - *** Initiated processing of file:tc_Product_dim.json ***
2025-03-01 22:50:24,742 - INFO - *** Source table:product Target table product_dim validation initiated ***
2025-03-01 22:50:24,747 - ERROR - in file - tc_Product_dim.json: ORA-00942: table or view does not exist
2025-03-01 22:50:24,791 - DEBUG - # _do_auth(): self._auth_plugin: 
2025-03-01 22:50:24,791 - DEBUG - new_auth_plugin: caching_sha2_password
2025-03-01 22:50:24,860 - INFO - *** Initiated processing of file:tc_Sales_fact.json ***
2025-03-01 22:50:24,860 - INFO - *** Source table:product Target table sales_fact validation initiated ***
2025-03-01 22:50:24,864 - ERROR - in file - tc_Sales_fact.json: ORA-00942: table or view does not exist
2025-03-01 22:50:24,867 - INFO - *** Null checks initiated in Target Table ***
2025-03-01 22:50:24,947 - INFO - *** Target Table:cost_dim validations initiated ***
2025-03-01 22:50:24,947 - ERROR - in file - tc_Cost_dim.json: 'tc_03_Verifying Null Values in Target Table'
2025-03-01 22:50:25,000 - INFO - *** Target Table:inventory_dim validations initiated ***
2025-03-01 22:50:25,047 - INFO - *** Target Table:product_dim validations initiated ***
2025-03-01 22:50:25,169 - INFO - *** Target Table:sales_fact validations initiated ***
2025-03-01 22:50:25,269 - INFO - Duplicate records found in table cost_dim: P101
